--- LOG TIME : 2025-08-08 14:39:44
--- COMMAND : C:\SIMULIA\Commands\abaqus.bat analysis double=both job=3_RVE input=C:\Users\nm16829\Documents\PostDoc_Local_Drive\Solid_to_Shell_Homogenisation\example\inp\3_RVE.inp cpus=1 mp_mode=thread interactive
--- STDOUT ---
Analysis initiated from SIMULIA established products
Abaqus JOB 3_RVE
Abaqus 2023
Begin Analysis Input File Processor
8/8/2025 2:39:36 PM
Run pre.exe
8/8/2025 2:39:39 PM
End Analysis Input File Processor
Begin Abaqus/Standard Analysis
8/8/2025 2:39:39 PM
Run standard.exe
8/8/2025 2:39:43 PM
End Abaqus/Standard Analysis
Begin SIM Wrap-up
8/8/2025 2:39:44 PM
Run SMASimUtility.exe
8/8/2025 2:39:44 PM
End SIM Wrap-up
Abaqus JOB 3_RVE COMPLETED
--- STDERR ---
Successfully checked out QFT/30 from DSLS server r1132101397472-eu1-licensing-2.3dexperience.3ds.com
Successfully checked out QXT/30 from DSLS server r1132101397472-eu1-licensing.3dexperience.3ds.com
Abaqus License Manager checked out the following licenses:
Abaqus/Foundation checked out 30 tokens from DSLS server r1132101397472-eu1-licensing.3dexperience.3ds.com.
<2278 out of 5600 licenses remain available>.
--- LOG TIME : 2025-08-08 14:39:45
--- COMMAND : C:\SIMULIA\Commands\abaqus.bat python C:\Users\nm16829\Documents\PostDoc_Local_Drive\Solid_to_Shell_Homogenisation\abaqus_script_to_extract_ABD.py -- C:\Users\nm16829\Documents\PostDoc_Local_Drive\Solid_to_Shell_Homogenisation\example 3
--- STDOUT ---
--- STDERR ---
