Analysis initiated from SIMULIA established products
Abaqus JOB 0_RVE
Abaqus 2023
Begin Analysis Input File Processor
8/6/2025 6:25:08 PM
Run pre.exe
8/6/2025 6:25:11 PM
End Analysis Input File Processor
Begin Abaqus/Standard Analysis
8/6/2025 6:25:11 PM
Run standard.exe
8/6/2025 6:25:15 PM
End Abaqus/Standard Analysis
Begin SIM Wrap-up
8/6/2025 6:25:17 PM
Run SMASimUtility.exe
8/6/2025 6:25:17 PM
End SIM Wrap-up
Abaqus JOB 0_RVE COMPLETED
Successfully checked out QFT/30 from DSLS server r1132101397472-eu1-licensing.3dexperience.3ds.com
Successfully checked out QXT/30 from DSLS server r1132101397472-eu1-licensing-1.3dexperience.3ds.com
Abaqus License Manager checked out the following licenses:
Abaqus/Foundation checked out 30 tokens from DSLS server r1132101397472-eu1-licensing-1.3dexperience.3ds.com.
<3765 out of 5600 licenses remain available>.
